{"C:\\Users\\g\\.gemini\\antigravity\\scratch\\interactive-calendar-opt\\src\\App.css": {"path":"C:\\Users\\g\\.gemini\\antigravity\\scratch\\interactive-calendar-opt\\src\\App.css","statementMap":{},"fnMap":{},"branchMap":{},"s":{},"f":{},"b":{},"meta":{"lastBranch":0,"lastFunction":0,"lastStatement":0,"seen":{},"fnNames":{}}}
,"C:\\Users\\g\\.gemini\\antigravity\\scratch\\interactive-calendar-opt\\src\\App.jsx": {"path":"C:\\Users\\g\\.gemini\\antigravity\\scratch\\interactive-calendar-opt\\src\\App.jsx","statementMap":{"0":{"start":{"line":7,"column":28},"end":{"line":7,"column":null}},"1":{"start":{"line":8,"column":32},"end":{"line":8,"column":null}},"2":{"start":{"line":9,"column":28},"end":{"line":9,"column":null}},"3":{"start":{"line":11,"column":40},"end":{"line":11,"column":null}},"4":{"start":{"line":12,"column":38},"end":{"line":12,"column":null}},"5":{"start":{"line":13,"column":40},"end":{"line":13,"column":null}},"6":{"start":{"line":15,"column":21},"end":{"line":31,"column":null}},"7":{"start":{"line":16,"column":4},"end":{"line":16,"column":null}},"8":{"start":{"line":17,"column":4},"end":{"line":17,"column":null}},"9":{"start":{"line":18,"column":4},"end":{"line":30,"column":null}},"10":{"start":{"line":19,"column":18},"end":{"line":19,"column":null}},"11":{"start":{"line":20,"column":6},"end":{"line":22,"column":null}},"12":{"start":{"line":21,"column":8},"end":{"line":21,"column":null}},"13":{"start":{"line":23,"column":19},"end":{"line":23,"column":null}},"14":{"start":{"line":24,"column":6},"end":{"line":24,"column":null}},"15":{"start":{"line":26,"column":6},"end":{"line":26,"column":null}},"16":{"start":{"line":27,"column":6},"end":{"line":27,"column":null}},"17":{"start":{"line":29,"column":6},"end":{"line":29,"column":null}},"18":{"start":{"line":33,"column":2},"end":{"line":35,"column":null}},"19":{"start":{"line":34,"column":4},"end":{"line":34,"column":null}},"20":{"start":{"line":38,"column":31},"end":{"line":51,"column":null}},"21":{"start":{"line":39,"column":4},"end":{"line":50,"column":null}},"22":{"start":{"line":40,"column":22},"end":{"line":42,"column":null}},"23":{"start":{"line":41,"column":8},"end":{"line":41,"column":null}},"24":{"start":{"line":44,"column":6},"end":{"line":48,"column":null}},"25":{"start":{"line":48,"column":22},"end":{"line":48,"column":62}},"26":{"start":{"line":49,"column":6},"end":{"line":49,"column":null}},"27":{"start":{"line":53,"column":36},"end":{"line":55,"column":null}},"28":{"start":{"line":59,"column":8},"end":{"line":71,"column":null}},"29":{"start":{"line":60,"column":4},"end":{"line":70,"column":null}},"30":{"start":{"line":61,"column":22},"end":{"line":63,"column":null}},"31":{"start":{"line":62,"column":8},"end":{"line":62,"column":null}},"32":{"start":{"line":64,"column":6},"end":{"line":68,"column":null}},"33":{"start":{"line":68,"column":22},"end":{"line":68,"column":62}},"34":{"start":{"line":69,"column":6},"end":{"line":69,"column":null}},"35":{"start":{"line":73,"column":8},"end":{"line":75,"column":null}},"36":{"start":{"line":78,"column":21},"end":{"line":78,"column":null}},"37":{"start":{"line":79,"column":26},"end":{"line":79,"column":null}},"38":{"start":{"line":81,"column":8},"end":{"line":84,"column":null}},"39":{"start":{"line":83,"column":4},"end":{"line":83,"column":null}},"40":{"start":{"line":83,"column":27},"end":{"line":83,"column":35}},"41":{"start":{"line":86,"column":8},"end":{"line":89,"column":null}},"42":{"start":{"line":87,"column":4},"end":{"line":87,"column":null}},"43":{"start":{"line":88,"column":4},"end":{"line":88,"column":null}},"44":{"start":{"line":88,"column":27},"end":{"line":88,"column":35}},"45":{"start":{"line":91,"column":2},"end":{"line":137,"column":null}}},"fnMap":{"0":{"name":"App","decl":{"start":{"line":6,"column":24},"end":{"line":6,"column":30}},"loc":{"start":{"line":6,"column":30},"end":{"line":139,"column":null}},"line":6},"1":{"name":"(anonymous_1)","decl":{"start":{"line":15,"column":21},"end":{"line":15,"column":33}},"loc":{"start":{"line":15,"column":33},"end":{"line":31,"column":null}},"line":15},"2":{"name":"(anonymous_2)","decl":{"start":{"line":33,"column":2},"end":{"line":33,"column":18}},"loc":{"start":{"line":33,"column":18},"end":{"line":35,"column":5}},"line":33},"3":{"name":"(anonymous_3)","decl":{"start":{"line":38,"column":31},"end":{"line":38,"column":44}},"loc":{"start":{"line":38,"column":67},"end":{"line":51,"column":5}},"line":38},"4":{"name":"(anonymous_4)","decl":{"start":{"line":39,"column":4},"end":{"line":39,"column":13}},"loc":{"start":{"line":39,"column":26},"end":{"line":50,"column":5}},"line":39},"5":{"name":"(anonymous_5)","decl":{"start":{"line":40,"column":32},"end":{"line":40,"column":36}},"loc":{"start":{"line":41,"column":8},"end":{"line":41,"column":null}},"line":41},"6":{"name":"(anonymous_6)","decl":{"start":{"line":48,"column":9},"end":{"line":48,"column":15}},"loc":{"start":{"line":48,"column":22},"end":{"line":48,"column":62}},"line":48},"7":{"name":"(anonymous_7)","decl":{"start":{"line":53,"column":36},"end":{"line":53,"column":49}},"loc":{"start":{"line":53,"column":63},"end":{"line":55,"column":5}},"line":53},"8":{"name":"(anonymous_8)","decl":{"start":{"line":59,"column":8},"end":{"line":59,"column":34}},"loc":{"start":{"line":59,"column":57},"end":{"line":71,"column":null}},"line":59},"9":{"name":"(anonymous_9)","decl":{"start":{"line":60,"column":4},"end":{"line":60,"column":13}},"loc":{"start":{"line":60,"column":26},"end":{"line":70,"column":5}},"line":60},"10":{"name":"(anonymous_10)","decl":{"start":{"line":61,"column":32},"end":{"line":61,"column":36}},"loc":{"start":{"line":62,"column":8},"end":{"line":62,"column":null}},"line":62},"11":{"name":"(anonymous_11)","decl":{"start":{"line":68,"column":9},"end":{"line":68,"column":15}},"loc":{"start":{"line":68,"column":22},"end":{"line":68,"column":62}},"line":68},"12":{"name":"(anonymous_12)","decl":{"start":{"line":73,"column":8},"end":{"line":73,"column":39}},"loc":{"start":{"line":73,"column":53},"end":{"line":75,"column":null}},"line":73},"13":{"name":"(anonymous_13)","decl":{"start":{"line":81,"column":8},"end":{"line":81,"column":34}},"loc":{"start":{"line":81,"column":34},"end":{"line":84,"column":null}},"line":81},"14":{"name":"(anonymous_14)","decl":{"start":{"line":83,"column":4},"end":{"line":83,"column":19}},"loc":{"start":{"line":83,"column":27},"end":{"line":83,"column":35}},"line":83},"15":{"name":"(anonymous_15)","decl":{"start":{"line":86,"column":8},"end":{"line":86,"column":34}},"loc":{"start":{"line":86,"column":34},"end":{"line":89,"column":null}},"line":86},"16":{"name":"(anonymous_16)","decl":{"start":{"line":88,"column":4},"end":{"line":88,"column":19}},"loc":{"start":{"line":88,"column":27},"end":{"line":88,"column":35}},"line":88}},"branchMap":{"0":{"loc":{"start":{"line":20,"column":6},"end":{"line":22,"column":null}},"type":"if","locations":[{"start":{"line":20,"column":6},"end":{"line":22,"column":null}},{"start":{},"end":{}}],"line":20},"1":{"loc":{"start":{"line":41,"column":8},"end":{"line":41,"column":null}},"type":"cond-expr","locations":[{"start":{"line":41,"column":29},"end":{"line":41,"column":61}},{"start":{"line":41,"column":61},"end":{"line":41,"column":null}}],"line":41},"2":{"loc":{"start":{"line":62,"column":8},"end":{"line":62,"column":null}},"type":"cond-expr","locations":[{"start":{"line":62,"column":29},"end":{"line":62,"column":61}},{"start":{"line":62,"column":61},"end":{"line":62,"column":null}}],"line":62},"3":{"loc":{"start":{"line":78,"column":21},"end":{"line":78,"column":null}},"type":"cond-expr","locations":[{"start":{"line":78,"column":35},"end":{"line":78,"column":58}},{"start":{"line":78,"column":58},"end":{"line":78,"column":null}}],"line":78},"4":{"loc":{"start":{"line":79,"column":26},"end":{"line":79,"column":null}},"type":"cond-expr","locations":[{"start":{"line":79,"column":40},"end":{"line":79,"column":68}},{"start":{"line":79,"column":68},"end":{"line":79,"column":null}}],"line":79},"5":{"loc":{"start":{"line":111,"column":9},"end":{"line":130,"column":null}},"type":"cond-expr","locations":[{"start":{"line":112,"column":10},"end":{"line":116,"column":null}},{"start":{"line":116,"column":12},"end":{"line":130,"column":null}}],"line":111},"6":{"loc":{"start":{"line":116,"column":12},"end":{"line":130,"column":null}},"type":"cond-expr","locations":[{"start":{"line":117,"column":10},"end":{"line":123,"column":11}},{"start":{"line":123,"column":10},"end":{"line":130,"column":null}}],"line":116}},"s":{"0":16,"1":16,"2":16,"3":16,"4":16,"5":16,"6":16,"7":4,"8":4,"9":4,"10":4,"11":4,"12":0,"13":4,"14":4,"15":0,"16":0,"17":4,"18":16,"19":4,"20":16,"21":1,"22":1,"23":5,"24":1,"25":0,"26":1,"27":16,"28":16,"29":3,"30":3,"31":15,"32":3,"33":0,"34":3,"35":16,"36":16,"37":16,"38":16,"39":2,"40":2,"41":16,"42":0,"43":0,"44":0,"45":16},"f":{"0":16,"1":4,"2":4,"3":1,"4":1,"5":5,"6":0,"7":1,"8":3,"9":3,"10":15,"11":0,"12":3,"13":2,"14":2,"15":0,"16":0},"b":{"0":[0,4],"1":[1,4],"2":[3,12],"3":[3,13],"4":[3,13],"5":[4,12],"6":[0,12]},"meta":{"lastBranch":7,"lastFunction":17,"lastStatement":46,"seen":{"f:6:24:6:30":0,"s:7:28:7:Infinity":0,"s:8:32:8:Infinity":1,"s:9:28:9:Infinity":2,"s:11:40:11:Infinity":3,"s:12:38:12:Infinity":4,"s:13:40:13:Infinity":5,"s:15:21:31:Infinity":6,"f:15:21:15:33":1,"s:16:4:16:Infinity":7,"s:17:4:17:Infinity":8,"s:18:4:30:Infinity":9,"s:19:18:19:Infinity":10,"b:20:6:22:Infinity:undefined:undefined:undefined:undefined":0,"s:20:6:22:Infinity":11,"s:21:8:21:Infinity":12,"s:23:19:23:Infinity":13,"s:24:6:24:Infinity":14,"s:26:6:26:Infinity":15,"s:27:6:27:Infinity":16,"s:29:6:29:Infinity":17,"s:33:2:35:Infinity":18,"f:33:2:33:18":2,"s:34:4:34:Infinity":19,"s:38:31:51:Infinity":20,"f:38:31:38:44":3,"s:39:4:50:Infinity":21,"f:39:4:39:13":4,"s:40:22:42:Infinity":22,"f:40:32:40:36":5,"s:41:8:41:Infinity":23,"b:41:29:41:61:41:61:41:Infinity":1,"s:44:6:48:Infinity":24,"f:48:9:48:15":6,"s:48:22:48:62":25,"s:49:6:49:Infinity":26,"s:53:36:55:Infinity":27,"f:53:36:53:49":7,"s:59:8:71:Infinity":28,"f:59:8:59:34":8,"s:60:4:70:Infinity":29,"f:60:4:60:13":9,"s:61:22:63:Infinity":30,"f:61:32:61:36":10,"s:62:8:62:Infinity":31,"b:62:29:62:61:62:61:62:Infinity":2,"s:64:6:68:Infinity":32,"f:68:9:68:15":11,"s:68:22:68:62":33,"s:69:6:69:Infinity":34,"s:73:8:75:Infinity":35,"f:73:8:73:39":12,"s:78:21:78:Infinity":36,"b:78:35:78:58:78:58:78:Infinity":3,"s:79:26:79:Infinity":37,"b:79:40:79:68:79:68:79:Infinity":4,"s:81:8:84:Infinity":38,"f:81:8:81:34":13,"s:83:4:83:Infinity":39,"f:83:4:83:19":14,"s:83:27:83:35":40,"s:86:8:89:Infinity":41,"f:86:8:86:34":15,"s:87:4:87:Infinity":42,"s:88:4:88:Infinity":43,"f:88:4:88:19":16,"s:88:27:88:35":44,"s:91:2:137:Infinity":45,"b:112:10:116:Infinity:116:12:130:Infinity":5,"b:117:10:123:11:123:10:130:Infinity":6},"fnNames":{}}}
,"C:\\Users\\g\\.gemini\\antigravity\\scratch\\interactive-calendar-opt\\src\\components\\Calendar.jsx": {"path":"C:\\Users\\g\\.gemini\\antigravity\\scratch\\interactive-calendar-opt\\src\\components\\Calendar.jsx","statementMap":{"0":{"start":{"line":4,"column":20},"end":{"line":4,"column":null}},"1":{"start":{"line":13,"column":27},"end":{"line":13,"column":null}},"2":{"start":{"line":13,"column":41},"end":{"line":13,"column":53}},"3":{"start":{"line":14,"column":15},"end":{"line":14,"column":null}},"4":{"start":{"line":15,"column":16},"end":{"line":15,"column":null}},"5":{"start":{"line":17,"column":20},"end":{"line":17,"column":null}},"6":{"start":{"line":20,"column":23},"end":{"line":61,"column":null}},"7":{"start":{"line":21,"column":17},"end":{"line":21,"column":null}},"8":{"start":{"line":22,"column":21},"end":{"line":22,"column":null}},"9":{"start":{"line":23,"column":20},"end":{"line":23,"column":null}},"10":{"start":{"line":25,"column":27},"end":{"line":25,"column":null}},"11":{"start":{"line":26,"column":29},"end":{"line":26,"column":null}},"12":{"start":{"line":29,"column":4},"end":{"line":36,"column":null}},"13":{"start":{"line":29,"column":17},"end":{"line":29,"column":37}},"14":{"start":{"line":30,"column":23},"end":{"line":30,"column":null}},"15":{"start":{"line":31,"column":6},"end":{"line":35,"column":null}},"16":{"start":{"line":39,"column":22},"end":{"line":39,"column":null}},"17":{"start":{"line":40,"column":4},"end":{"line":46,"column":null}},"18":{"start":{"line":40,"column":17},"end":{"line":40,"column":20}},"19":{"start":{"line":41,"column":6},"end":{"line":45,"column":null}},"20":{"start":{"line":49,"column":26},"end":{"line":49,"column":null}},"21":{"start":{"line":50,"column":26},"end":{"line":50,"column":null}},"22":{"start":{"line":51,"column":4},"end":{"line":58,"column":null}},"23":{"start":{"line":51,"column":17},"end":{"line":51,"column":20}},"24":{"start":{"line":52,"column":23},"end":{"line":52,"column":null}},"25":{"start":{"line":53,"column":6},"end":{"line":57,"column":null}},"26":{"start":{"line":60,"column":4},"end":{"line":60,"column":null}},"27":{"start":{"line":65,"column":22},"end":{"line":74,"column":null}},"28":{"start":{"line":66,"column":16},"end":{"line":66,"column":null}},"29":{"start":{"line":67,"column":4},"end":{"line":72,"column":null}},"30":{"start":{"line":68,"column":6},"end":{"line":70,"column":null}},"31":{"start":{"line":69,"column":8},"end":{"line":69,"column":null}},"32":{"start":{"line":71,"column":6},"end":{"line":71,"column":null}},"33":{"start":{"line":73,"column":4},"end":{"line":73,"column":null}},"34":{"start":{"line":76,"column":23},"end":{"line":76,"column":null}},"35":{"start":{"line":78,"column":21},"end":{"line":78,"column":null}},"36":{"start":{"line":80,"column":2},"end":{"line":107,"column":null}},"37":{"start":{"line":88,"column":10},"end":{"line":88,"column":null}},"38":{"start":{"line":94,"column":10},"end":{"line":104,"column":null}}},"fnMap":{"0":{"name":"Calendar","decl":{"start":{"line":6,"column":24},"end":{"line":6,"column":33}},"loc":{"start":{"line":12,"column":3},"end":{"line":109,"column":null}},"line":12},"1":{"name":"(anonymous_1)","decl":{"start":{"line":13,"column":27},"end":{"line":13,"column":41}},"loc":{"start":{"line":13,"column":41},"end":{"line":13,"column":53}},"line":13},"2":{"name":"(anonymous_2)","decl":{"start":{"line":20,"column":23},"end":{"line":20,"column":37}},"loc":{"start":{"line":20,"column":37},"end":{"line":61,"column":5}},"line":20},"3":{"name":"(anonymous_3)","decl":{"start":{"line":65,"column":22},"end":{"line":65,"column":36}},"loc":{"start":{"line":65,"column":36},"end":{"line":74,"column":5}},"line":65},"4":{"name":"(anonymous_4)","decl":{"start":{"line":67,"column":10},"end":{"line":67,"column":18}},"loc":{"start":{"line":67,"column":26},"end":{"line":72,"column":5}},"line":67},"5":{"name":"(anonymous_5)","decl":{"start":{"line":87,"column":20},"end":{"line":87,"column":24}},"loc":{"start":{"line":88,"column":10},"end":{"line":88,"column":null}},"line":88},"6":{"name":"(anonymous_6)","decl":{"start":{"line":93,"column":22},"end":{"line":93,"column":26}},"loc":{"start":{"line":94,"column":10},"end":{"line":104,"column":null}},"line":94}},"branchMap":{"0":{"loc":{"start":{"line":49,"column":26},"end":{"line":49,"column":null}},"type":"cond-expr","locations":[{"start":{"line":49,"column":45},"end":{"line":49,"column":50}},{"start":{"line":49,"column":50},"end":{"line":49,"column":null}}],"line":49},"1":{"loc":{"start":{"line":68,"column":6},"end":{"line":70,"column":null}},"type":"if","locations":[{"start":{"line":68,"column":6},"end":{"line":70,"column":null}},{"start":{},"end":{}}],"line":68},"2":{"loc":{"start":{"line":76,"column":23},"end":{"line":76,"column":null}},"type":"cond-expr","locations":[{"start":{"line":76,"column":37},"end":{"line":76,"column":55}},{"start":{"line":76,"column":55},"end":{"line":76,"column":null}}],"line":76},"3":{"loc":{"start":{"line":99,"column":19},"end":{"line":99,"column":null}},"type":"binary-expr","locations":[{"start":{"line":99,"column":19},"end":{"line":99,"column":50}},{"start":{"line":99,"column":50},"end":{"line":99,"column":null}}],"line":99}},"s":{"0":1,"1":12,"2":6,"3":12,"4":12,"5":12,"6":12,"7":6,"8":6,"9":6,"10":6,"11":6,"12":6,"13":6,"14":36,"15":36,"16":6,"17":6,"18":6,"19":186,"20":6,"21":6,"22":6,"23":6,"24":30,"25":30,"26":6,"27":12,"28":10,"29":10,"30":50,"31":50,"32":50,"33":10,"34":12,"35":12,"36":12,"37":84,"38":504},"f":{"0":12,"1":6,"2":6,"3":10,"4":50,"5":84,"6":504},"b":{"0":[6,0],"1":[50,0],"2":[3,9],"3":[504,444]},"meta":{"lastBranch":4,"lastFunction":7,"lastStatement":39,"seen":{"s:4:20:4:Infinity":0,"f:6:24:6:33":0,"s:13:27:13:Infinity":1,"f:13:27:13:41":1,"s:13:41:13:53":2,"s:14:15:14:Infinity":3,"s:15:16:15:Infinity":4,"s:17:20:17:Infinity":5,"s:20:23:61:Infinity":6,"f:20:23:20:37":2,"s:21:17:21:Infinity":7,"s:22:21:22:Infinity":8,"s:23:20:23:Infinity":9,"s:25:27:25:Infinity":10,"s:26:29:26:Infinity":11,"s:29:4:36:Infinity":12,"s:29:17:29:37":13,"s:30:23:30:Infinity":14,"s:31:6:35:Infinity":15,"s:39:22:39:Infinity":16,"s:40:4:46:Infinity":17,"s:40:17:40:20":18,"s:41:6:45:Infinity":19,"s:49:26:49:Infinity":20,"b:49:45:49:50:49:50:49:Infinity":0,"s:50:26:50:Infinity":21,"s:51:4:58:Infinity":22,"s:51:17:51:20":23,"s:52:23:52:Infinity":24,"s:53:6:57:Infinity":25,"s:60:4:60:Infinity":26,"s:65:22:74:Infinity":27,"f:65:22:65:36":3,"s:66:16:66:Infinity":28,"s:67:4:72:Infinity":29,"f:67:10:67:18":4,"b:68:6:70:Infinity:undefined:undefined:undefined:undefined":1,"s:68:6:70:Infinity":30,"s:69:8:69:Infinity":31,"s:71:6:71:Infinity":32,"s:73:4:73:Infinity":33,"s:76:23:76:Infinity":34,"b:76:37:76:55:76:55:76:Infinity":2,"s:78:21:78:Infinity":35,"s:80:2:107:Infinity":36,"f:87:20:87:24":5,"s:88:10:88:Infinity":37,"f:93:22:93:26":6,"s:94:10:104:Infinity":38,"b:99:19:99:50:99:50:99:Infinity":3},"fnNames":{}}}
,"C:\\Users\\g\\.gemini\\antigravity\\scratch\\interactive-calendar-opt\\src\\components\\CalendarDay.jsx": {"path":"C:\\Users\\g\\.gemini\\antigravity\\scratch\\interactive-calendar-opt\\src\\components\\CalendarDay.jsx","statementMap":{"0":{"start":{"line":16,"column":2},"end":{"line":21,"column":null}},"1":{"start":{"line":17,"column":18},"end":{"line":17,"column":null}},"2":{"start":{"line":18,"column":4},"end":{"line":20,"column":null}},"3":{"start":{"line":23,"column":8},"end":{"line":25,"column":null}},"4":{"start":{"line":24,"column":4},"end":{"line":24,"column":null}},"5":{"start":{"line":27,"column":8},"end":{"line":33,"column":null}},"6":{"start":{"line":28,"column":4},"end":{"line":28,"column":null}},"7":{"start":{"line":29,"column":19},"end":{"line":29,"column":null}},"8":{"start":{"line":30,"column":4},"end":{"line":32,"column":null}},"9":{"start":{"line":31,"column":6},"end":{"line":31,"column":null}},"10":{"start":{"line":35,"column":24},"end":{"line":35,"column":null}},"11":{"start":{"line":37,"column":2},"end":{"line":57,"column":null}},"12":{"start":{"line":50,"column":10},"end":{"line":54,"column":null}},"13":{"start":{"line":62,"column":31},"end":{"line":62,"column":null}}},"fnMap":{"0":{"name":"CalendarDayRaw","decl":{"start":{"line":5,"column":16},"end":{"line":5,"column":31}},"loc":{"start":{"line":14,"column":3},"end":{"line":59,"column":null}},"line":14},"1":{"name":"(anonymous_1)","decl":{"start":{"line":23,"column":8},"end":{"line":23,"column":26}},"loc":{"start":{"line":23,"column":32},"end":{"line":25,"column":null}},"line":23},"2":{"name":"(anonymous_2)","decl":{"start":{"line":27,"column":8},"end":{"line":27,"column":22}},"loc":{"start":{"line":27,"column":28},"end":{"line":33,"column":null}},"line":27},"3":{"name":"(anonymous_3)","decl":{"start":{"line":49,"column":15},"end":{"line":49,"column":19}},"loc":{"start":{"line":50,"column":10},"end":{"line":54,"column":null}},"line":50}},"branchMap":{"0":{"loc":{"start":{"line":16,"column":2},"end":{"line":21,"column":null}},"type":"if","locations":[{"start":{"line":16,"column":2},"end":{"line":21,"column":null}},{"start":{},"end":{}}],"line":16},"1":{"loc":{"start":{"line":30,"column":4},"end":{"line":32,"column":null}},"type":"if","locations":[{"start":{"line":30,"column":4},"end":{"line":32,"column":null}},{"start":{},"end":{}}],"line":30},"2":{"loc":{"start":{"line":30,"column":8},"end":{"line":30,"column":30}},"type":"binary-expr","locations":[{"start":{"line":30,"column":8},"end":{"line":30,"column":22}},{"start":{"line":30,"column":22},"end":{"line":30,"column":30}}],"line":30},"3":{"loc":{"start":{"line":35,"column":24},"end":{"line":35,"column":null}},"type":"cond-expr","locations":[{"start":{"line":35,"column":38},"end":{"line":35,"column":53}},{"start":{"line":35,"column":53},"end":{"line":35,"column":null}}],"line":35},"4":{"loc":{"start":{"line":39,"column":33},"end":{"line":39,"column":82}},"type":"cond-expr","locations":[{"start":{"line":39,"column":50},"end":{"line":39,"column":68}},{"start":{"line":39,"column":68},"end":{"line":39,"column":82}}],"line":39},"5":{"loc":{"start":{"line":39,"column":85},"end":{"line":39,"column":null}},"type":"cond-expr","locations":[{"start":{"line":39,"column":104},"end":{"line":39,"column":118}},{"start":{"line":39,"column":118},"end":{"line":39,"column":null}}],"line":39}},"s":{"0":468,"1":84,"2":84,"3":468,"4":4,"5":468,"6":4,"7":4,"8":4,"9":4,"10":468,"11":468,"12":60,"13":1},"f":{"0":468,"1":4,"2":4,"3":60},"b":{"0":[84,384],"1":[4,0],"2":[4,4],"3":[90,378],"4":[347,121],"5":[60,408]},"meta":{"lastBranch":6,"lastFunction":4,"lastStatement":14,"seen":{"f:5:16:5:31":0,"b:16:2:21:Infinity:undefined:undefined:undefined:undefined":0,"s:16:2:21:Infinity":0,"s:17:18:17:Infinity":1,"s:18:4:20:Infinity":2,"s:23:8:25:Infinity":3,"f:23:8:23:26":1,"s:24:4:24:Infinity":4,"s:27:8:33:Infinity":5,"f:27:8:27:22":2,"s:28:4:28:Infinity":6,"s:29:19:29:Infinity":7,"b:30:4:32:Infinity:undefined:undefined:undefined:undefined":1,"s:30:4:32:Infinity":8,"b:30:8:30:22:30:22:30:30":2,"s:31:6:31:Infinity":9,"s:35:24:35:Infinity":10,"b:35:38:35:53:35:53:35:Infinity":3,"s:37:2:57:Infinity":11,"b:39:50:39:68:39:68:39:82":4,"b:39:104:39:118:39:118:39:Infinity":5,"f:49:15:49:19":3,"s:50:10:54:Infinity":12,"s:62:31:62:Infinity":13},"fnNames":{}}}
,"C:\\Users\\g\\.gemini\\antigravity\\scratch\\interactive-calendar-opt\\src\\components\\Dashboard.jsx": {"path":"C:\\Users\\g\\.gemini\\antigravity\\scratch\\interactive-calendar-opt\\src\\components\\Dashboard.jsx","statementMap":{"0":{"start":{"line":11,"column":2},"end":{"line":83,"column":null}},"1":{"start":{"line":24,"column":31},"end":{"line":24,"column":null}},"2":{"start":{"line":40,"column":31},"end":{"line":40,"column":null}}},"fnMap":{"0":{"name":"Dashboard","decl":{"start":{"line":3,"column":24},"end":{"line":3,"column":34}},"loc":{"start":{"line":10,"column":3},"end":{"line":85,"column":null}},"line":10},"1":{"name":"(anonymous_1)","decl":{"start":{"line":24,"column":14},"end":{"line":24,"column":25}},"loc":{"start":{"line":24,"column":31},"end":{"line":24,"column":null}},"line":24},"2":{"name":"(anonymous_2)","decl":{"start":{"line":40,"column":14},"end":{"line":40,"column":25}},"loc":{"start":{"line":40,"column":31},"end":{"line":40,"column":null}},"line":40}},"branchMap":{"0":{"loc":{"start":{"line":30,"column":22},"end":{"line":30,"column":152}},"type":"cond-expr","locations":[{"start":{"line":30,"column":36},"end":{"line":30,"column":96}},{"start":{"line":30,"column":96},"end":{"line":30,"column":152}}],"line":30},"1":{"loc":{"start":{"line":46,"column":22},"end":{"line":46,"column":131}},"type":"cond-expr","locations":[{"start":{"line":46,"column":35},"end":{"line":46,"column":87}},{"start":{"line":46,"column":87},"end":{"line":46,"column":131}}],"line":46}},"s":{"0":16,"1":1,"2":1},"f":{"0":16,"1":1,"2":1},"b":{"0":[3,13],"1":[2,14]},"meta":{"lastBranch":2,"lastFunction":3,"lastStatement":3,"seen":{"f:3:24:3:34":0,"s:11:2:83:Infinity":0,"f:24:14:24:25":1,"s:24:31:24:Infinity":1,"b:30:36:30:96:30:96:30:152":0,"f:40:14:40:25":2,"s:40:31:40:Infinity":2,"b:46:35:46:87:46:87:46:131":1},"fnNames":{}}}
,"C:\\Users\\g\\.gemini\\antigravity\\scratch\\interactive-calendar-opt\\src\\components\\PostCard.jsx": {"path":"C:\\Users\\g\\.gemini\\antigravity\\scratch\\interactive-calendar-opt\\src\\components\\PostCard.jsx","statementMap":{"0":{"start":{"line":5,"column":8},"end":{"line":11,"column":null}},"1":{"start":{"line":6,"column":4},"end":{"line":6,"column":null}},"2":{"start":{"line":7,"column":4},"end":{"line":7,"column":null}},"3":{"start":{"line":8,"column":4},"end":{"line":10,"column":null}},"4":{"start":{"line":9,"column":6},"end":{"line":9,"column":null}},"5":{"start":{"line":13,"column":8},"end":{"line":21,"column":null}},"6":{"start":{"line":14,"column":4},"end":{"line":20,"column":null}},"7":{"start":{"line":15,"column":22},"end":{"line":15,"column":null}},"8":{"start":{"line":16,"column":23},"end":{"line":16,"column":null}},"9":{"start":{"line":17,"column":24},"end":{"line":17,"column":null}},"10":{"start":{"line":18,"column":23},"end":{"line":18,"column":null}},"11":{"start":{"line":19,"column":15},"end":{"line":19,"column":null}},"12":{"start":{"line":23,"column":2},"end":{"line":35,"column":null}},"13":{"start":{"line":40,"column":28},"end":{"line":40,"column":null}}},"fnMap":{"0":{"name":"PostCardRaw","decl":{"start":{"line":4,"column":16},"end":{"line":4,"column":28}},"loc":{"start":{"line":4,"column":51},"end":{"line":37,"column":null}},"line":4},"1":{"name":"(anonymous_1)","decl":{"start":{"line":5,"column":8},"end":{"line":5,"column":27}},"loc":{"start":{"line":5,"column":33},"end":{"line":11,"column":null}},"line":5},"2":{"name":"(anonymous_2)","decl":{"start":{"line":13,"column":8},"end":{"line":13,"column":28}},"loc":{"start":{"line":13,"column":41},"end":{"line":21,"column":null}},"line":13}},"branchMap":{"0":{"loc":{"start":{"line":8,"column":4},"end":{"line":10,"column":null}},"type":"if","locations":[{"start":{"line":8,"column":4},"end":{"line":10,"column":null}},{"start":{},"end":{}}],"line":8},"1":{"loc":{"start":{"line":14,"column":4},"end":{"line":20,"column":null}},"type":"switch","locations":[{"start":{"line":15,"column":6},"end":{"line":15,"column":null}},{"start":{"line":16,"column":6},"end":{"line":16,"column":null}},{"start":{"line":17,"column":6},"end":{"line":17,"column":null}},{"start":{"line":18,"column":6},"end":{"line":18,"column":null}},{"start":{"line":19,"column":6},"end":{"line":19,"column":null}}],"line":14}},"s":{"0":56,"1":4,"2":4,"3":4,"4":4,"5":56,"6":56,"7":12,"8":22,"9":11,"10":11,"11":0,"12":56,"13":1},"f":{"0":56,"1":4,"2":56},"b":{"0":[4,0],"1":[12,22,11,11,0]},"meta":{"lastBranch":2,"lastFunction":3,"lastStatement":14,"seen":{"f:4:16:4:28":0,"s:5:8:11:Infinity":0,"f:5:8:5:27":1,"s:6:4:6:Infinity":1,"s:7:4:7:Infinity":2,"b:8:4:10:Infinity:undefined:undefined:undefined:undefined":0,"s:8:4:10:Infinity":3,"s:9:6:9:Infinity":4,"s:13:8:21:Infinity":5,"f:13:8:13:28":2,"b:15:6:15:Infinity:16:6:16:Infinity:17:6:17:Infinity:18:6:18:Infinity:19:6:19:Infinity":1,"s:14:4:20:Infinity":6,"s:15:22:15:Infinity":7,"s:16:23:16:Infinity":8,"s:17:24:17:Infinity":9,"s:18:23:18:Infinity":10,"s:19:15:19:Infinity":11,"s:23:2:35:Infinity":12,"s:40:28:40:Infinity":13},"fnNames":{}}}
,"C:\\Users\\g\\.gemini\\antigravity\\scratch\\interactive-calendar-opt\\src\\components\\RenderCountBadge.jsx": {"path":"C:\\Users\\g\\.gemini\\antigravity\\scratch\\interactive-calendar-opt\\src\\components\\RenderCountBadge.jsx","statementMap":{"0":{"start":{"line":4,"column":22},"end":{"line":4,"column":null}},"1":{"start":{"line":5,"column":2},"end":{"line":5,"column":null}},"2":{"start":{"line":7,"column":19},"end":{"line":7,"column":null}},"3":{"start":{"line":9,"column":2},"end":{"line":16,"column":null}},"4":{"start":{"line":10,"column":4},"end":{"line":15,"column":null}},"5":{"start":{"line":11,"column":6},"end":{"line":11,"column":null}},"6":{"start":{"line":13,"column":6},"end":{"line":13,"column":null}},"7":{"start":{"line":14,"column":6},"end":{"line":14,"column":null}},"8":{"start":{"line":18,"column":2},"end":{"line":25,"column":null}}},"fnMap":{"0":{"name":"RenderCountBadge","decl":{"start":{"line":3,"column":24},"end":{"line":3,"column":43}},"loc":{"start":{"line":3,"column":43},"end":{"line":27,"column":null}},"line":3},"1":{"name":"(anonymous_1)","decl":{"start":{"line":9,"column":2},"end":{"line":9,"column":18}},"loc":{"start":{"line":9,"column":18},"end":{"line":16,"column":3}},"line":9}},"branchMap":{"0":{"loc":{"start":{"line":10,"column":4},"end":{"line":15,"column":null}},"type":"if","locations":[{"start":{"line":10,"column":4},"end":{"line":15,"column":null}},{"start":{},"end":{}}],"line":10}},"s":{"0":524,"1":524,"2":524,"3":524,"4":524,"5":524,"6":524,"7":524,"8":524},"f":{"0":524,"1":524},"b":{"0":[524,0]},"meta":{"lastBranch":1,"lastFunction":2,"lastStatement":9,"seen":{"f:3:24:3:43":0,"s:4:22:4:Infinity":0,"s:5:2:5:Infinity":1,"s:7:19:7:Infinity":2,"s:9:2:16:Infinity":3,"f:9:2:9:18":1,"b:10:4:15:Infinity:undefined:undefined:undefined:undefined":0,"s:10:4:15:Infinity":4,"s:11:6:11:Infinity":5,"s:13:6:13:Infinity":6,"s:14:6:14:Infinity":7,"s:18:2:25:Infinity":8},"fnNames":{}}}
}
